# JRE version: OpenJDK Runtime Environment (8.0_152-b01) (build 1.8.0_152-release-1343-b01)
# Java VM: OpenJDK 64-Bit Server VM (25.152-b01 mixed mode windows-amd64 compressed oops)
Heap:
 PSYoungGen      total 59904K, used 26602K [0x00000000e0000000, 0x00000000e6400000, 0x0000000100000000)
  eden space 55808K, 40% used [0x00000000e0000000,0x00000000e1622a68,0x00000000e3680000)
  from space 4096K, 96% used [0x00000000e6000000,0x00000000e63d8000,0x00000000e6400000)
  to   space 10752K, 0% used [0x00000000e4f00000,0x00000000e4f00000,0x00000000e5980000)
 ParOldGen       total 57856K, used 11996K [0x00000000a0000000, 0x00000000a3880000, 0x00000000e0000000)
  object space 57856K, 20% used [0x00000000a0000000,0x00000000a0bb7080,0x00000000a3880000)
 Metaspace       used 33043K, capacity 33904K, committed 34048K, reserved 1079296K
  class space    used 4493K, capacity 4768K, committed 4864K, reserved 1048576K
GC Heap History (10 events):
Event: 10.381 GC heap before
{Heap before GC invocations=7 (full 1):
 PSYoungGen      total 38400K, used 33280K [0x00000000e0000000, 0x00000000e5500000, 0x0000000100000000)
  eden space 33280K, 100% used [0x00000000e0000000,0x00000000e2080000,0x00000000e2080000)
  from space 5120K, 0% used [0x00000000e2080000,0x00000000e2080000,0x00000000e2580000)
  to   space 10240K, 0% used [0x00000000e4b00000,0x00000000e4b00000,0x00000000e5500000)
 ParOldGen       total 57856K, used 8234K [0x00000000a0000000, 0x00000000a3880000, 0x00000000e0000000)
  object space 57856K, 14% used [0x00000000a0000000,0x00000000a080aa60,0x00000000a3880000)
 Metaspace       used 23892K, capacity 24236K, committed 24448K, reserved 1071104K
  class space    used 3294K, capacity 3415K, committed 3456K, reserved 1048576K
Event: 10.394 GC heap after
Heap after GC invocations=7 (full 1):
 PSYoungGen      total 59904K, used 3613K [0x00000000e0000000, 0x00000000e4f00000, 0x0000000100000000)
  eden space 55808K, 0% used [0x00000000e0000000,0x00000000e0000000,0x00000000e3680000)
  from space 4096K, 88% used [0x00000000e4b00000,0x00000000e4e876a8,0x00000000e4f00000)
  to   space 10240K, 0% used [0x00000000e3b00000,0x00000000e3b00000,0x00000000e4500000)
 ParOldGen       total 57856K, used 8242K [0x00000000a0000000, 0x00000000a3880000, 0x00000000e0000000)
  object space 57856K, 14% used [0x00000000a0000000,0x00000000a080ca60,0x00000000a3880000)
 Metaspace       used 23892K, capacity 24236K, committed 24448K, reserved 1071104K
  class space    used 3294K, capacity 3415K, committed 3456K, reserved 1048576K
}
Event: 11.802 GC heap before
{Heap before GC invocations=8 (full 1):
 PSYoungGen      total 59904K, used 59421K [0x00000000e0000000, 0x00000000e4f00000, 0x0000000100000000)
  eden space 55808K, 100% used [0x00000000e0000000,0x00000000e3680000,0x00000000e3680000)
  from space 4096K, 88% used [0x00000000e4b00000,0x00000000e4e876a8,0x00000000e4f00000)
  to   space 10240K, 0% used [0x00000000e3b00000,0x00000000e3b00000,0x00000000e4500000)
 ParOldGen       total 57856K, used 8242K [0x00000000a0000000, 0x00000000a3880000, 0x00000000e0000000)
  object space 57856K, 14% used [0x00000000a0000000,0x00000000a080ca60,0x00000000a3880000)
 Metaspace       used 27664K, capacity 27980K, committed 28160K, reserved 1073152K
  class space    used 3852K, capacity 3977K, committed 4096K, reserved 1048576K
Event: 11.816 GC heap after
Heap after GC invocations=8 (full 1):
 PSYoungGen      total 70656K, used 6630K [0x00000000e0000000, 0x00000000e6e80000, 0x0000000100000000)
  eden space 60416K, 0% used [0x00000000e0000000,0x00000000e0000000,0x00000000e3b00000)
  from space 10240K, 64% used [0x00000000e3b00000,0x00000000e4179bd8,0x00000000e4500000)
  to   space 10240K, 0% used [0x00000000e6480000,0x00000000e6480000,0x00000000e6e80000)
 ParOldGen       total 57856K, used 8250K [0x00000000a0000000, 0x00000000a3880000, 0x00000000e0000000)
  object space 57856K, 14% used [0x00000000a0000000,0x00000000a080ea60,0x00000000a3880000)
 Metaspace       used 27664K, capacity 27980K, committed 28160K, reserved 1073152K
  class space    used 3852K, capacity 3977K, committed 4096K, reserved 1048576K
}
Event: 1266.019 GC heap before
{Heap before GC invocations=9 (full 1):
 PSYoungGen      total 70656K, used 67046K [0x00000000e0000000, 0x00000000e6e80000, 0x0000000100000000)
  eden space 60416K, 100% used [0x00000000e0000000,0x00000000e3b00000,0x00000000e3b00000)
  from space 10240K, 64% used [0x00000000e3b00000,0x00000000e4179bd8,0x00000000e4500000)
  to   space 10240K, 0% used [0x00000000e6480000,0x00000000e6480000,0x00000000e6e80000)
 ParOldGen       total 57856K, used 8250K [0x00000000a0000000, 0x00000000a3880000, 0x00000000e0000000)
  object space 57856K, 14% used [0x00000000a0000000,0x00000000a080ea60,0x00000000a3880000)
 Metaspace       used 30540K, capacity 30978K, committed 31104K, reserved 1075200K
  class space    used 4248K, capacity 4422K, committed 4480K, reserved 1048576K
Event: 1266.037 GC heap after
Heap after GC invocations=9 (full 1):
 PSYoungGen      total 66560K, used 7549K [0x00000000e0000000, 0x00000000e6c00000, 0x0000000100000000)
  eden space 58880K, 0% used [0x00000000e0000000,0x00000000e0000000,0x00000000e3980000)
  from space 7680K, 98% used [0x00000000e6480000,0x00000000e6bdf5f0,0x00000000e6c00000)
  to   space 10240K, 0% used [0x00000000e5800000,0x00000000e5800000,0x00000000e6200000)
 ParOldGen       total 57856K, used 8258K [0x00000000a0000000, 0x00000000a3880000, 0x00000000e0000000)
  object space 57856K, 14% used [0x00000000a0000000,0x00000000a0810a60,0x00000000a3880000)
 Metaspace       used 30540K, capacity 30978K, committed 31104K, reserved 1075200K
  class space    used 4248K, capacity 4422K, committed 4480K, reserved 1048576K
}
Event: 1922.948 GC heap before
{Heap before GC invocations=10 (full 1):
 PSYoungGen      total 66560K, used 66429K [0x00000000e0000000, 0x00000000e6c00000, 0x0000000100000000)
  eden space 58880K, 100% used [0x00000000e0000000,0x00000000e3980000,0x00000000e3980000)
  from space 7680K, 98% used [0x00000000e6480000,0x00000000e6bdf5f0,0x00000000e6c00000)
  to   space 10240K, 0% used [0x00000000e5800000,0x00000000e5800000,0x00000000e6200000)
 ParOldGen       total 57856K, used 8258K [0x00000000a0000000, 0x00000000a3880000, 0x00000000e0000000)
  object space 57856K, 14% used [0x00000000a0000000,0x00000000a0810a60,0x00000000a3880000)
 Metaspace       used 32310K, capacity 33044K, committed 33280K, reserved 1077248K
  class space    used 4478K, capacity 4742K, committed 4864K, reserved 1048576K
Event: 1922.966 GC heap after
Heap after GC invocations=10 (full 1):
 PSYoungGen      total 65536K, used 7916K [0x00000000e0000000, 0x00000000e6500000, 0x0000000100000000)
  eden space 57344K, 0% used [0x00000000e0000000,0x00000000e0000000,0x00000000e3800000)
  from space 8192K, 96% used [0x00000000e5800000,0x00000000e5fbb0b0,0x00000000e6000000)
  to   space 5120K, 0% used [0x00000000e6000000,0x00000000e6000000,0x00000000e6500000)
 ParOldGen       total 57856K, used 9534K [0x00000000a0000000, 0x00000000a3880000, 0x00000000e0000000)
  object space 57856K, 16% used [0x00000000a0000000,0x00000000a094fae0,0x00000000a3880000)
 Metaspace       used 32310K, capacity 33044K, committed 33280K, reserved 1077248K
  class space    used 4478K, capacity 4742K, committed 4864K, reserved 1048576K
}
Event: 3030.487 GC heap before
{Heap before GC invocations=11 (full 1):
 PSYoungGen      total 65536K, used 65260K [0x00000000e0000000, 0x00000000e6500000, 0x0000000100000000)
  eden space 57344K, 100% used [0x00000000e0000000,0x00000000e3800000,0x00000000e3800000)
  from space 8192K, 96% used [0x00000000e5800000,0x00000000e5fbb0b0,0x00000000e6000000)
  to   space 5120K, 0% used [0x00000000e6000000,0x00000000e6000000,0x00000000e6500000)
 ParOldGen       total 57856K, used 9534K [0x00000000a0000000, 0x00000000a3880000, 0x00000000e0000000)
  object space 57856K, 16% used [0x00000000a0000000,0x00000000a094fae0,0x00000000a3880000)
 Metaspace       used 32859K, capacity 33664K, committed 33792K, reserved 1079296K
  class space    used 4488K, capacity 4760K, committed 4864K, reserved 1048576K
Event: 3030.513 GC heap after
Heap after GC invocations=11 (full 1):
 PSYoungGen      total 59904K, used 3936K [0x00000000e0000000, 0x00000000e6400000, 0x0000000100000000)
  eden space 55808K, 0% used [0x00000000e0000000,0x00000000e0000000,0x00000000e3680000)
  from space 4096K, 96% used [0x00000000e6000000,0x00000000e63d8000,0x00000000e6400000)
  to   space 10752K, 0% used [0x00000000e4f00000,0x00000000e4f00000,0x00000000e5980000)
 ParOldGen       total 57856K, used 11996K [0x00000000a0000000, 0x00000000a3880000, 0x00000000e0000000)
  object space 57856K, 20% used [0x00000000a0000000,0x00000000a0bb7080,0x00000000a3880000)
 Metaspace       used 32859K, capacity 33664K, committed 33792K, reserved 1079296K
  class space    used 4488K, capacity 4760K, committed 4864K, reserved 1048576K
}

